<?xml version="1.0" encoding="UTF-8"?>
<testsuite xmlns:xsi="http://www.w3.org/2001/XMLSchema-instance" xsi:noNamespaceSchemaLocation="https://maven.apache.org/surefire/maven-surefire-plugin/xsd/surefire-test-report.xsd" name="uk.ac.ed.inf.AppTest" time="3.237" tests="1" errors="0" skipped="0" failures="0">
  <properties>
    <property name="java.specification.version" value="14"/>
    <property name="sun.jnu.encoding" value="UTF-8"/>
    <property name="java.class.path" value="/Users/felicity/Desktop/ilp/target/test-classes:/Users/felicity/Desktop/ilp/target/classes:/Users/felicity/.m2/repository/com/mapbox/mapboxsdk/mapbox-sdk-geojson/5.8.0/mapbox-sdk-geojson-5.8.0.jar:/Users/felicity/.m2/repository/junit/junit/4.11/junit-4.11.jar:/Users/felicity/.m2/repository/org/hamcrest/hamcrest-core/1.3/hamcrest-core-1.3.jar:/Users/felicity/.m2/repository/com/google/code/gson/gson/2.8.8/gson-2.8.8.jar:/Users/felicity/.m2/repository/org/apache/derby/derbyclient/10.15.2.0/derbyclient-10.15.2.0.jar:/Users/felicity/.m2/repository/org/apache/derby/derbyshared/10.15.2.0/derbyshared-10.15.2.0.jar:"/>
    <property name="java.vm.vendor" value="Oracle Corporation"/>
    <property name="sun.arch.data.model" value="64"/>
    <property name="java.vendor.url" value="https://java.oracle.com/"/>
    <property name="os.name" value="Mac OS X"/>
    <property name="java.vm.specification.version" value="14"/>
    <property name="sun.java.launcher" value="SUN_STANDARD"/>
    <property name="user.country" value="GB"/>
    <property name="sun.boot.library.path" value="/Library/Java/JavaVirtualMachines/jdk-14.0.2.jdk/Contents/Home/lib"/>
    <property name="sun.java.command" value="/Users/felicity/Desktop/ilp/target/surefire/surefirebooter17360336753381134506.jar /Users/felicity/Desktop/ilp/target/surefire 2021-12-10T15-47-14_062-jvmRun1 surefire677033611934468728tmp surefire_02489471358945321997tmp"/>
    <property name="jdk.debug" value="release"/>
    <property name="surefire.test.class.path" value="/Users/felicity/Desktop/ilp/target/test-classes:/Users/felicity/Desktop/ilp/target/classes:/Users/felicity/.m2/repository/com/mapbox/mapboxsdk/mapbox-sdk-geojson/5.8.0/mapbox-sdk-geojson-5.8.0.jar:/Users/felicity/.m2/repository/junit/junit/4.11/junit-4.11.jar:/Users/felicity/.m2/repository/org/hamcrest/hamcrest-core/1.3/hamcrest-core-1.3.jar:/Users/felicity/.m2/repository/com/google/code/gson/gson/2.8.8/gson-2.8.8.jar:/Users/felicity/.m2/repository/org/apache/derby/derbyclient/10.15.2.0/derbyclient-10.15.2.0.jar:/Users/felicity/.m2/repository/org/apache/derby/derbyshared/10.15.2.0/derbyshared-10.15.2.0.jar:"/>
    <property name="sun.cpu.endian" value="little"/>
    <property name="user.home" value="/Users/felicity"/>
    <property name="user.language" value="en"/>
    <property name="java.specification.vendor" value="Oracle Corporation"/>
    <property name="java.version.date" value="2020-07-14"/>
    <property name="java.home" value="/Library/Java/JavaVirtualMachines/jdk-14.0.2.jdk/Contents/Home"/>
    <property name="file.separator" value="/"/>
    <property name="basedir" value="/Users/felicity/Desktop/ilp"/>
    <property name="java.vm.compressedOopsMode" value="Zero based"/>
    <property name="line.separator" value="&#10;"/>
    <property name="java.vm.specification.vendor" value="Oracle Corporation"/>
    <property name="java.specification.name" value="Java Platform API Specification"/>
    <property name="surefire.real.class.path" value="/Users/felicity/Desktop/ilp/target/surefire/surefirebooter17360336753381134506.jar"/>
    <property name="sun.management.compiler" value="HotSpot 64-Bit Tiered Compilers"/>
    <property name="java.runtime.version" value="14.0.2+12-46"/>
    <property name="user.name" value="felicity"/>
    <property name="path.separator" value=":"/>
    <property name="os.version" value="10.14.6"/>
    <property name="java.runtime.name" value="Java(TM) SE Runtime Environment"/>
    <property name="file.encoding" value="UTF-8"/>
    <property name="java.vm.name" value="Java HotSpot(TM) 64-Bit Server VM"/>
    <property name="localRepository" value="/Users/felicity/.m2/repository"/>
    <property name="java.vendor.url.bug" value="https://bugreport.java.com/bugreport/"/>
    <property name="java.io.tmpdir" value="/var/folders/4t/h2kz918n3bz_ndkmqw8jf4cc0000gn/T/"/>
    <property name="java.version" value="14.0.2"/>
    <property name="user.dir" value="/Users/felicity/Desktop/ilp"/>
    <property name="os.arch" value="x86_64"/>
    <property name="java.vm.specification.name" value="Java Virtual Machine Specification"/>
    <property name="idea.version2019.3.1" value="true"/>
    <property name="java.library.path" value="/Users/felicity/Library/Java/Extensions:/Library/Java/Extensions:/Network/Library/Java/Extensions:/System/Library/Java/Extensions:/usr/lib/java:."/>
    <property name="java.vm.info" value="mixed mode, sharing"/>
    <property name="java.vendor" value="Oracle Corporation"/>
    <property name="java.vm.version" value="14.0.2+12-46"/>
    <property name="sun.io.unicode.encoding" value="UnicodeBig"/>
    <property name="java.class.version" value="58.0"/>
  </properties>
  <testcase name="testMain" classname="uk.ac.ed.inf.AppTest" time="3.212"/>
</testsuite>